<?xml version="1.0" encoding="UTF-8"?>
<!-- Generated by org.testng.reporters.JUnitReportReporter -->
<testsuite hostname="sushant" failures="0" tests="2" name="TestNg.ex02" time="0.014" errors="0" timestamp="2022-06-21T14:46:46 IST" skipped="0">
  <testcase classname="TestNg.ex02" name="m1" time="0.013"/>
  <system-out>
    <![CDATA[Hello world]]>
  </system-out>
  <testcase classname="TestNg.ex02" name="m2" time="0.001"/>
  <system-out>
    <![CDATA[Kuch nhi]]>
  </system-out>
</testsuite> <!-- TestNg.ex02 -->
