<?xml version="1.0" encoding="UTF-8"?>
<!-- Generated by org.testng.reporters.JUnitReportReporter -->
<testsuite hostname="sushant" failures="0" tests="3" name="TestNG_keywords.example6_Keyword5_dependsOnMethod2" time="0.021" errors="0" timestamp="2022-06-23T16:57:18 IST" skipped="0">
  <testcase classname="TestNG_keywords.example6_Keyword5_dependsOnMethod2" name="login2" time="0.002"/>
  <system-out>
    <![CDATA[running login2 TC]]>
  </system-out>
  <testcase classname="TestNG_keywords.example6_Keyword5_dependsOnMethod2" name="logout" time="0.003"/>
  <system-out>
    <![CDATA[running logout TC]]>
  </system-out>
  <testcase classname="TestNG_keywords.example6_Keyword5_dependsOnMethod2" name="login1" time="0.016"/>
  <system-out>
    <![CDATA[running login1 TC]]>
  </system-out>
</testsuite> <!-- TestNG_keywords.example6_Keyword5_dependsOnMethod2 -->
