<?xml version="1.0" encoding="UTF-8"?>
<!-- Generated by org.testng.reporters.JUnitReportReporter -->
<testsuite hostname="sushant" failures="0" tests="3" name="TestNG_keywords.example7_Sample2" time="0.007" errors="0" timestamp="2022-06-23T17:00:08 IST" skipped="0">
  <testcase classname="TestNG_keywords.example7_Sample2" name="TC5" time="0.002"/>
  <system-out>
    <![CDATA[running TC5]]>
  </system-out>
  <testcase classname="TestNG_keywords.example7_Sample2" name="TC6" time="0.003"/>
  <system-out>
    <![CDATA[running TC6]]>
  </system-out>
  <testcase classname="TestNG_keywords.example7_Sample2" name="TC4" time="0.002"/>
  <system-out>
    <![CDATA[running TC4]]>
  </system-out>
</testsuite> <!-- TestNG_keywords.example7_Sample2 -->
