<?xml version="1.0" encoding="UTF-8"?>
<!-- Generated by org.testng.reporters.JUnitReportReporter -->
<testsuite hostname="sushant" failures="0" tests="4" name="TestNg.priority" time="0.031" errors="0" timestamp="2022-06-22T13:57:08 IST" skipped="0">
  <testcase classname="TestNg.priority" name="tc4" time="0.019"/>
  <system-out>
    <![CDATA[?]]>
  </system-out>
  <testcase classname="TestNg.priority" name="tc3" time="0.003"/>
  <system-out>
    <![CDATA[suppp]]>
  </system-out>
  <testcase classname="TestNg.priority" name="tc2" time="0.003"/>
  <system-out>
    <![CDATA[hello]]>
  </system-out>
  <testcase classname="TestNg.priority" name="tc1" time="0.006"/>
  <system-out>
    <![CDATA[hey]]>
  </system-out>
</testsuite> <!-- TestNg.priority -->
