<?xml version="1.0" encoding="UTF-8"?>
<!-- Generated by org.testng.reporters.JUnitReportReporter -->
<testsuite hostname="sushant" failures="0" tests="7" name="TestNg.invocationcount" time="0.030" errors="0" timestamp="2022-06-22T13:42:00 IST" skipped="0">
  <testcase classname="TestNg.invocationcount" name="tc1" time="0.002"/>
  <system-out>
    <![CDATA[hello]]>
  </system-out>
  <testcase classname="TestNg.invocationcount" name="tc1" time="0.013"/>
  <system-out>
    <![CDATA[hello]]>
  </system-out>
  <testcase classname="TestNg.invocationcount" name="tc1" time="0.002"/>
  <system-out>
    <![CDATA[hello]]>
  </system-out>
  <testcase classname="TestNg.invocationcount" name="tc1" time="0.005"/>
  <system-out>
    <![CDATA[hello]]>
  </system-out>
  <testcase classname="TestNg.invocationcount" name="tc2" time="0.002"/>
  <system-out>
    <![CDATA[world]]>
  </system-out>
  <testcase classname="TestNg.invocationcount" name="tc2" time="0.002"/>
  <system-out>
    <![CDATA[world]]>
  </system-out>
  <testcase classname="TestNg.invocationcount" name="tc1" time="0.004"/>
  <system-out>
    <![CDATA[hello]]>
  </system-out>
</testsuite> <!-- TestNg.invocationcount -->
