<?xml version="1.0" encoding="UTF-8"?>
<!-- Generated by org.testng.reporters.JUnitReportReporter -->
<testsuite hostname="sushant" failures="0" tests="3" name="TestNG_keywords.example7_Sample1" time="0.019" errors="0" timestamp="2022-06-23T17:00:08 IST" skipped="0">
  <testcase classname="TestNG_keywords.example7_Sample1" name="TC1" time="0.014"/>
  <system-out>
    <![CDATA[running TC1]]>
  </system-out>
  <testcase classname="TestNG_keywords.example7_Sample1" name="TC3" time="0.003"/>
  <system-out>
    <![CDATA[running TC3]]>
  </system-out>
  <testcase classname="TestNG_keywords.example7_Sample1" name="TC2" time="0.002"/>
  <system-out>
    <![CDATA[running TC2]]>
  </system-out>
</testsuite> <!-- TestNG_keywords.example7_Sample1 -->
