<?xml version="1.0" encoding="UTF-8"?>
<!-- Generated by org.testng.reporters.JUnitReportReporter -->
<testsuite hostname="sushant" failures="0" tests="3" name="TestNg.before_after" time="0.026" errors="0" timestamp="2022-06-22T13:36:09 IST" skipped="0">
  <testcase classname="TestNg.before_after" name="tc2" time="0.005"/>
  <system-out>
    <![CDATA[password]]>
  </system-out>
  <testcase classname="TestNg.before_after" name="tc1" time="0.009"/>
  <system-out>
    <![CDATA[username]]>
  </system-out>
  <testcase classname="TestNg.before_after" name="tc1" time="0.012"/>
  <system-out>
    <![CDATA[username]]>
  </system-out>
</testsuite> <!-- TestNg.before_after -->
